CRITICAL - 2025-07-24 01:52:12 --> ParseError: syntax error, unexpected token "<<", expecting "]"
[Method: GET, Route: anggota]
in APPPATH\Controllers\Admin\AnggotaController.php on line 58.
 1 VENDORPATH\composer\ClassLoader.php(427): Composer\Autoload\{closure}('C:\\Users\\Riz\\Desktop\\TA_kami\\vendor\\composer/../../app/Controllers/Admin/AnggotaController.php')
 2 [internal function]: Composer\Autoload\ClassLoader->loadClass('App\\Controllers\\Admin\\AnggotaController')
 3 SYSTEMPATH\CodeIgniter.php(885): class_exists('\\App\\Controllers\\Admin\\AnggotaController', true)
 4 SYSTEMPATH\CodeIgniter.php(494): CodeIgniter\CodeIgniter->startController()
 5 SYSTEMPATH\CodeIgniter.php(354): CodeIgniter\CodeIgniter->handleRequest(null, Object(Config\Cache), false)
 6 SYSTEMPATH\Boot.php(334): CodeIgniter\CodeIgniter->run()
 7 SYSTEMPATH\Boot.php(67): CodeIgniter\Boot::runCodeIgniter(Object(CodeIgniter\CodeIgniter))
 8 FCPATH\index.php(56): CodeIgniter\Boot::bootWeb(Object(Config\Paths))
 9 SYSTEMPATH\rewrite.php(44): require_once('C:\\Users\\Riz\\Desktop\\TA_kami\\public\\index.php')
CRITICAL - 2025-07-24 01:52:18 --> ParseError: syntax error, unexpected token "<<", expecting "]"
[Method: GET, Route: anggota]
in APPPATH\Controllers\Admin\AnggotaController.php on line 58.
 1 VENDORPATH\composer\ClassLoader.php(427): Composer\Autoload\{closure}('C:\\Users\\Riz\\Desktop\\TA_kami\\vendor\\composer/../../app/Controllers/Admin/AnggotaController.php')
 2 [internal function]: Composer\Autoload\ClassLoader->loadClass('App\\Controllers\\Admin\\AnggotaController')
 3 SYSTEMPATH\CodeIgniter.php(885): class_exists('\\App\\Controllers\\Admin\\AnggotaController', true)
 4 SYSTEMPATH\CodeIgniter.php(494): CodeIgniter\CodeIgniter->startController()
 5 SYSTEMPATH\CodeIgniter.php(354): CodeIgniter\CodeIgniter->handleRequest(null, Object(Config\Cache), false)
 6 SYSTEMPATH\Boot.php(334): CodeIgniter\CodeIgniter->run()
 7 SYSTEMPATH\Boot.php(67): CodeIgniter\Boot::runCodeIgniter(Object(CodeIgniter\CodeIgniter))
 8 FCPATH\index.php(56): CodeIgniter\Boot::bootWeb(Object(Config\Paths))
 9 SYSTEMPATH\rewrite.php(44): require_once('C:\\Users\\Riz\\Desktop\\TA_kami\\public\\index.php')
DEBUG - 2025-07-24 03:32:50 --> Session: Class initialized using 'CodeIgniter\Session\Handlers\FileHandler' driver.
DEBUG - 2025-07-24 03:35:59 --> Session: Class initialized using 'CodeIgniter\Session\Handlers\FileHandler' driver.
DEBUG - 2025-07-24 03:36:02 --> Session: Class initialized using 'CodeIgniter\Session\Handlers\FileHandler' driver.
CRITICAL - 2025-07-24 03:36:06 --> ErrorException: Undefined variable $anggota
[Method: GET, Route: listdoc]
in APPPATH\Views\admin\dashboard\Upload-Doc\upload-Doclist.php on line 23.
 1 APPPATH\Views\admin\dashboard\Upload-Doc\upload-Doclist.php(23): CodeIgniter\Debug\Exceptions->errorHandler(2, 'Undefined variable $anggota', 'C:\\Users\\Riz\\Desktop\\TA_kami\\app\\Views\\admin\\dashboard\\Upload-Doc\\upload-Doclist.php', 23)
 2 SYSTEMPATH\View\View.php(224): include('C:\\Users\\Riz\\Desktop\\TA_kami\\app\\Views\\admin\\dashboard\\Upload-Doc\\upload-Doclist.php')
 3 SYSTEMPATH\View\View.php(227): CodeIgniter\View\View->CodeIgniter\View\{closure}()
 4 SYSTEMPATH\Common.php(1173): CodeIgniter\View\View->render('admin/dashboard/upload-doc/upload-doclist', [], true)
 5 APPPATH\Controllers\Admin\UpdocController.php(23): view('admin/dashboard/upload-doc/upload-doclist', [...])
 6 SYSTEMPATH\CodeIgniter.php(933): App\Controllers\Admin\UpdocController->listdoc()
 7 SYSTEMPATH\CodeIgniter.php(507): CodeIgniter\CodeIgniter->runController(Object(App\Controllers\Admin\UpdocController))
 8 SYSTEMPATH\CodeIgniter.php(354): CodeIgniter\CodeIgniter->handleRequest(null, Object(Config\Cache), false)
 9 SYSTEMPATH\Boot.php(334): CodeIgniter\CodeIgniter->run()
10 SYSTEMPATH\Boot.php(67): CodeIgniter\Boot::runCodeIgniter(Object(CodeIgniter\CodeIgniter))
11 FCPATH\index.php(56): CodeIgniter\Boot::bootWeb(Object(Config\Paths))
12 SYSTEMPATH\rewrite.php(44): require_once('C:\\Users\\Riz\\Desktop\\TA_kami\\public\\index.php')
CRITICAL - 2025-07-24 03:37:46 --> ErrorException: Undefined variable $dokumentasi
[Method: GET, Route: listdoc]
in APPPATH\Views\admin\dashboard\Upload-Doc\upload-Doclist.php on line 23.
 1 APPPATH\Views\admin\dashboard\Upload-Doc\upload-Doclist.php(23): CodeIgniter\Debug\Exceptions->errorHandler(2, 'Undefined variable $dokumentasi', 'C:\\Users\\Riz\\Desktop\\TA_kami\\app\\Views\\admin\\dashboard\\Upload-Doc\\upload-Doclist.php', 23)
 2 SYSTEMPATH\View\View.php(224): include('C:\\Users\\Riz\\Desktop\\TA_kami\\app\\Views\\admin\\dashboard\\Upload-Doc\\upload-Doclist.php')
 3 SYSTEMPATH\View\View.php(227): CodeIgniter\View\View->CodeIgniter\View\{closure}()
 4 SYSTEMPATH\Common.php(1173): CodeIgniter\View\View->render('admin/dashboard/upload-doc/upload-doclist', [], true)
 5 APPPATH\Controllers\Admin\UpdocController.php(23): view('admin/dashboard/upload-doc/upload-doclist', [...])
 6 SYSTEMPATH\CodeIgniter.php(933): App\Controllers\Admin\UpdocController->listdoc()
 7 SYSTEMPATH\CodeIgniter.php(507): CodeIgniter\CodeIgniter->runController(Object(App\Controllers\Admin\UpdocController))
 8 SYSTEMPATH\CodeIgniter.php(354): CodeIgniter\CodeIgniter->handleRequest(null, Object(Config\Cache), false)
 9 SYSTEMPATH\Boot.php(334): CodeIgniter\CodeIgniter->run()
10 SYSTEMPATH\Boot.php(67): CodeIgniter\Boot::runCodeIgniter(Object(CodeIgniter\CodeIgniter))
11 FCPATH\index.php(56): CodeIgniter\Boot::bootWeb(Object(Config\Paths))
12 SYSTEMPATH\rewrite.php(44): require_once('C:\\Users\\Riz\\Desktop\\TA_kami\\public\\index.php')
DEBUG - 2025-07-24 03:45:18 --> Session: Class initialized using 'CodeIgniter\Session\Handlers\FileHandler' driver.
DEBUG - 2025-07-24 03:46:45 --> Session: Class initialized using 'CodeIgniter\Session\Handlers\FileHandler' driver.
DEBUG - 2025-07-24 03:46:47 --> Session: Class initialized using 'CodeIgniter\Session\Handlers\FileHandler' driver.
