DEBUG - 2025-07-21 04:25:37 --> Session: Class initialized using 'CodeIgniter\Session\Handlers\FileHandler' driver.
DEBUG - 2025-07-21 04:25:59 --> Session: Class initialized using 'CodeIgniter\Session\Handlers\FileHandler' driver.
DEBUG - 2025-07-21 04:26:04 --> Session: Class initialized using 'CodeIgniter\Session\Handlers\FileHandler' driver.
DEBUG - 2025-07-21 04:26:31 --> Session: Class initialized using 'CodeIgniter\Session\Handlers\FileHandler' driver.
DEBUG - 2025-07-21 04:33:38 --> Session: Class initialized using 'CodeIgniter\Session\Handlers\FileHandler' driver.
DEBUG - 2025-07-21 04:33:40 --> Session: Class initialized using 'CodeIgniter\Session\Handlers\FileHandler' driver.
DEBUG - 2025-07-21 04:33:57 --> Session: Class initialized using 'CodeIgniter\Session\Handlers\FileHandler' driver.
DEBUG - 2025-07-21 04:33:58 --> Session: Class initialized using 'CodeIgniter\Session\Handlers\FileHandler' driver.
DEBUG - 2025-07-21 04:36:09 --> Session: Class initialized using 'CodeIgniter\Session\Handlers\FileHandler' driver.
DEBUG - 2025-07-21 04:36:26 --> Session: Class initialized using 'CodeIgniter\Session\Handlers\FileHandler' driver.
DEBUG - 2025-07-21 04:39:18 --> Session: Class initialized using 'CodeIgniter\Session\Handlers\FileHandler' driver.
DEBUG - 2025-07-21 04:46:54 --> Session: Class initialized using 'CodeIgniter\Session\Handlers\FileHandler' driver.
ERROR - 2025-07-21 04:58:35 --> mysqli_sql_exception: Duplicate entry '081226731710-admin@gmail.com' for key 'anggota.anggota_unique' in C:\Users\Riz\Desktop\TA_kami\vendor\codeigniter4\framework\system\Database\MySQLi\Connection.php:327
Stack trace:
#0 C:\Users\Riz\Desktop\TA_kami\vendor\codeigniter4\framework\system\Database\MySQLi\Connection.php(327): mysqli->query('INSERT INTO `an...', 0)
#1 C:\Users\Riz\Desktop\TA_kami\vendor\codeigniter4\framework\system\Database\BaseConnection.php(738): CodeIgniter\Database\MySQLi\Connection->execute('INSERT INTO `an...')
#2 C:\Users\Riz\Desktop\TA_kami\vendor\codeigniter4\framework\system\Database\BaseConnection.php(652): CodeIgniter\Database\BaseConnection->simpleQuery('INSERT INTO `an...')
#3 C:\Users\Riz\Desktop\TA_kami\vendor\codeigniter4\framework\system\Database\BaseBuilder.php(2345): CodeIgniter\Database\BaseConnection->query('INSERT INTO `an...', Array, false)
#4 C:\Users\Riz\Desktop\TA_kami\vendor\codeigniter4\framework\system\Model.php(394): CodeIgniter\Database\BaseBuilder->insert()
#5 C:\Users\Riz\Desktop\TA_kami\vendor\codeigniter4\framework\system\BaseModel.php(843): CodeIgniter\Model->doInsert(Array)
#6 C:\Users\Riz\Desktop\TA_kami\vendor\codeigniter4\framework\system\Model.php(800): CodeIgniter\BaseModel->insert(Array, false)
#7 C:\Users\Riz\Desktop\TA_kami\vendor\codeigniter4\framework\system\BaseModel.php(754): CodeIgniter\Model->insert(Array, false)
#8 C:\Users\Riz\Desktop\TA_kami\app\Controllers\Admin\AnggotaController.php(57): CodeIgniter\BaseModel->save(Array)
#9 C:\Users\Riz\Desktop\TA_kami\vendor\codeigniter4\framework\system\CodeIgniter.php(933): App\Controllers\Admin\AnggotaController->simpan()
#10 C:\Users\Riz\Desktop\TA_kami\vendor\codeigniter4\framework\system\CodeIgniter.php(507): CodeIgniter\CodeIgniter->runController(Object(App\Controllers\Admin\AnggotaController))
#11 C:\Users\Riz\Desktop\TA_kami\vendor\codeigniter4\framework\system\CodeIgniter.php(354): CodeIgniter\CodeIgniter->handleRequest(NULL, Object(Config\Cache), false)
#12 C:\Users\Riz\Desktop\TA_kami\vendor\codeigniter4\framework\system\Boot.php(334): CodeIgniter\CodeIgniter->run()
#13 C:\Users\Riz\Desktop\TA_kami\vendor\codeigniter4\framework\system\Boot.php(67): CodeIgniter\Boot::runCodeIgniter(Object(CodeIgniter\CodeIgniter))
#14 C:\Users\Riz\Desktop\TA_kami\public\index.php(56): CodeIgniter\Boot::bootWeb(Object(Config\Paths))
#15 C:\Users\Riz\Desktop\TA_kami\vendor\codeigniter4\framework\system\rewrite.php(44): require_once('C:\\Users\\Riz\\De...')
#16 {main}
CRITICAL - 2025-07-21 04:58:36 --> CodeIgniter\Database\Exceptions\DatabaseException: Duplicate entry '081226731710-admin@gmail.com' for key 'anggota.anggota_unique'
[Method: POST, Route: anggota/simpan]
in SYSTEMPATH\Database\BaseConnection.php on line 692.
 1 SYSTEMPATH\Database\BaseBuilder.php(2345): CodeIgniter\Database\BaseConnection->query('INSERT INTO `anggota` (`nama`, `alamat`, `foto`, `jabatan`, `email`, `password`, `no_telp`) VALUES (:nama:, :alamat:, :foto:, :jabatan:, :email:, :password:, :no_telp:)', [...], false)
 2 SYSTEMPATH\Model.php(394): CodeIgniter\Database\BaseBuilder->insert()
 3 SYSTEMPATH\BaseModel.php(843): CodeIgniter\Model->doInsert([...])
 4 SYSTEMPATH\Model.php(800): CodeIgniter\BaseModel->insert([...], false)
 5 SYSTEMPATH\BaseModel.php(754): CodeIgniter\Model->insert([...], false)
 6 APPPATH\Controllers\Admin\AnggotaController.php(57): CodeIgniter\BaseModel->save([...])
 7 SYSTEMPATH\CodeIgniter.php(933): App\Controllers\Admin\AnggotaController->simpan()
 8 SYSTEMPATH\CodeIgniter.php(507): CodeIgniter\CodeIgniter->runController(Object(App\Controllers\Admin\AnggotaController))
 9 SYSTEMPATH\CodeIgniter.php(354): CodeIgniter\CodeIgniter->handleRequest(null, Object(Config\Cache), false)
10 SYSTEMPATH\Boot.php(334): CodeIgniter\CodeIgniter->run()
11 SYSTEMPATH\Boot.php(67): CodeIgniter\Boot::runCodeIgniter(Object(CodeIgniter\CodeIgniter))
12 FCPATH\index.php(56): CodeIgniter\Boot::bootWeb(Object(Config\Paths))
13 SYSTEMPATH\rewrite.php(44): require_once('C:\\Users\\Riz\\Desktop\\TA_kami\\public\\index.php')
CRITICAL - 2025-07-21 04:58:36 --> [Caused by] CodeIgniter\Database\Exceptions\DatabaseException: Duplicate entry '081226731710-admin@gmail.com' for key 'anggota.anggota_unique'
in SYSTEMPATH\Database\MySQLi\Connection.php on line 332.
 1 SYSTEMPATH\Database\BaseConnection.php(738): CodeIgniter\Database\MySQLi\Connection->execute('INSERT INTO `anggota` (`nama`, `alamat`, `foto`, `jabatan`, `email`, `password`, `no_telp`) VALUES (\'Admin\', \'DILATAN, MONGGOL, SAPTOSARI, GK.\', \'default.png\', \'anggota\', \'admin@gmail.com\', \'$2y$10$k2zPsOy1A3VzNv5FPac9J.rOQQ1DiHjvQhIYbKe9cILHWSuXPQ8n.\', \'081226731710\')')
 2 SYSTEMPATH\Database\BaseConnection.php(652): CodeIgniter\Database\BaseConnection->simpleQuery('INSERT INTO `anggota` (`nama`, `alamat`, `foto`, `jabatan`, `email`, `password`, `no_telp`) VALUES (\'Admin\', \'DILATAN, MONGGOL, SAPTOSARI, GK.\', \'default.png\', \'anggota\', \'admin@gmail.com\', \'$2y$10$k2zPsOy1A3VzNv5FPac9J.rOQQ1DiHjvQhIYbKe9cILHWSuXPQ8n.\', \'081226731710\')')
 3 SYSTEMPATH\Database\BaseBuilder.php(2345): CodeIgniter\Database\BaseConnection->query('INSERT INTO `anggota` (`nama`, `alamat`, `foto`, `jabatan`, `email`, `password`, `no_telp`) VALUES (:nama:, :alamat:, :foto:, :jabatan:, :email:, :password:, :no_telp:)', [...], false)
 4 SYSTEMPATH\Model.php(394): CodeIgniter\Database\BaseBuilder->insert()
 5 SYSTEMPATH\BaseModel.php(843): CodeIgniter\Model->doInsert([...])
 6 SYSTEMPATH\Model.php(800): CodeIgniter\BaseModel->insert([...], false)
 7 SYSTEMPATH\BaseModel.php(754): CodeIgniter\Model->insert([...], false)
 8 APPPATH\Controllers\Admin\AnggotaController.php(57): CodeIgniter\BaseModel->save([...])
 9 SYSTEMPATH\CodeIgniter.php(933): App\Controllers\Admin\AnggotaController->simpan()
10 SYSTEMPATH\CodeIgniter.php(507): CodeIgniter\CodeIgniter->runController(Object(App\Controllers\Admin\AnggotaController))
11 SYSTEMPATH\CodeIgniter.php(354): CodeIgniter\CodeIgniter->handleRequest(null, Object(Config\Cache), false)
12 SYSTEMPATH\Boot.php(334): CodeIgniter\CodeIgniter->run()
13 SYSTEMPATH\Boot.php(67): CodeIgniter\Boot::runCodeIgniter(Object(CodeIgniter\CodeIgniter))
14 FCPATH\index.php(56): CodeIgniter\Boot::bootWeb(Object(Config\Paths))
15 SYSTEMPATH\rewrite.php(44): require_once('C:\\Users\\Riz\\Desktop\\TA_kami\\public\\index.php')
CRITICAL - 2025-07-21 04:58:36 --> [Caused by] mysqli_sql_exception: Duplicate entry '081226731710-admin@gmail.com' for key 'anggota.anggota_unique'
in SYSTEMPATH\Database\MySQLi\Connection.php on line 327.
 1 SYSTEMPATH\Database\MySQLi\Connection.php(327): mysqli->query('INSERT INTO `anggota` (`nama`, `alamat`, `foto`, `jabatan`, `email`, `password`, `no_telp`) VALUES (\'Admin\', \'DILATAN, MONGGOL, SAPTOSARI, GK.\', \'default.png\', \'anggota\', \'admin@gmail.com\', \'$2y$10$k2zPsOy1A3VzNv5FPac9J.rOQQ1DiHjvQhIYbKe9cILHWSuXPQ8n.\', \'081226731710\')', 0)
 2 SYSTEMPATH\Database\BaseConnection.php(738): CodeIgniter\Database\MySQLi\Connection->execute('INSERT INTO `anggota` (`nama`, `alamat`, `foto`, `jabatan`, `email`, `password`, `no_telp`) VALUES (\'Admin\', \'DILATAN, MONGGOL, SAPTOSARI, GK.\', \'default.png\', \'anggota\', \'admin@gmail.com\', \'$2y$10$k2zPsOy1A3VzNv5FPac9J.rOQQ1DiHjvQhIYbKe9cILHWSuXPQ8n.\', \'081226731710\')')
 3 SYSTEMPATH\Database\BaseConnection.php(652): CodeIgniter\Database\BaseConnection->simpleQuery('INSERT INTO `anggota` (`nama`, `alamat`, `foto`, `jabatan`, `email`, `password`, `no_telp`) VALUES (\'Admin\', \'DILATAN, MONGGOL, SAPTOSARI, GK.\', \'default.png\', \'anggota\', \'admin@gmail.com\', \'$2y$10$k2zPsOy1A3VzNv5FPac9J.rOQQ1DiHjvQhIYbKe9cILHWSuXPQ8n.\', \'081226731710\')')
 4 SYSTEMPATH\Database\BaseBuilder.php(2345): CodeIgniter\Database\BaseConnection->query('INSERT INTO `anggota` (`nama`, `alamat`, `foto`, `jabatan`, `email`, `password`, `no_telp`) VALUES (:nama:, :alamat:, :foto:, :jabatan:, :email:, :password:, :no_telp:)', [...], false)
 5 SYSTEMPATH\Model.php(394): CodeIgniter\Database\BaseBuilder->insert()
 6 SYSTEMPATH\BaseModel.php(843): CodeIgniter\Model->doInsert([...])
 7 SYSTEMPATH\Model.php(800): CodeIgniter\BaseModel->insert([...], false)
 8 SYSTEMPATH\BaseModel.php(754): CodeIgniter\Model->insert([...], false)
 9 APPPATH\Controllers\Admin\AnggotaController.php(57): CodeIgniter\BaseModel->save([...])
10 SYSTEMPATH\CodeIgniter.php(933): App\Controllers\Admin\AnggotaController->simpan()
11 SYSTEMPATH\CodeIgniter.php(507): CodeIgniter\CodeIgniter->runController(Object(App\Controllers\Admin\AnggotaController))
12 SYSTEMPATH\CodeIgniter.php(354): CodeIgniter\CodeIgniter->handleRequest(null, Object(Config\Cache), false)
13 SYSTEMPATH\Boot.php(334): CodeIgniter\CodeIgniter->run()
14 SYSTEMPATH\Boot.php(67): CodeIgniter\Boot::runCodeIgniter(Object(CodeIgniter\CodeIgniter))
15 FCPATH\index.php(56): CodeIgniter\Boot::bootWeb(Object(Config\Paths))
16 SYSTEMPATH\rewrite.php(44): require_once('C:\\Users\\Riz\\Desktop\\TA_kami\\public\\index.php')
DEBUG - 2025-07-21 05:02:27 --> Session: Class initialized using 'CodeIgniter\Session\Handlers\FileHandler' driver.
DEBUG - 2025-07-21 05:06:22 --> Session: Class initialized using 'CodeIgniter\Session\Handlers\FileHandler' driver.
CRITICAL - 2025-07-21 05:06:48 --> CodeIgniter\View\Exceptions\ViewException: Invalid file: "anggota/edit.php"
[Method: GET, Route: anggota/edit/16]
in SYSTEMPATH\Exceptions\FrameworkException.php on line 39.
 1 SYSTEMPATH\View\View.php(212): CodeIgniter\Exceptions\FrameworkException::forInvalidFile('anggota/edit.php')
 2 SYSTEMPATH\Common.php(1173): CodeIgniter\View\View->render('anggota/edit', [], true)
 3 APPPATH\Controllers\Admin\AnggotaController.php(70): view('anggota/edit', [...])
 4 SYSTEMPATH\CodeIgniter.php(933): App\Controllers\Admin\AnggotaController->edit('16')
 5 SYSTEMPATH\CodeIgniter.php(507): CodeIgniter\CodeIgniter->runController(Object(App\Controllers\Admin\AnggotaController))
 6 SYSTEMPATH\CodeIgniter.php(354): CodeIgniter\CodeIgniter->handleRequest(null, Object(Config\Cache), false)
 7 SYSTEMPATH\Boot.php(334): CodeIgniter\CodeIgniter->run()
 8 SYSTEMPATH\Boot.php(67): CodeIgniter\Boot::runCodeIgniter(Object(CodeIgniter\CodeIgniter))
 9 FCPATH\index.php(56): CodeIgniter\Boot::bootWeb(Object(Config\Paths))
10 SYSTEMPATH\rewrite.php(44): require_once('C:\\Users\\Riz\\Desktop\\TA_kami\\public\\index.php')
